<?xml version="1.0" encoding="UTF-8"?>
<!-- Generated by org.testng.reporters.JUnitReportReporter -->
<testsuite hostname="Anand" failures="0" tests="1" name="Test.Errorvalidation" time="7.082" errors="0" timestamp="2024-07-03T19:21:23 EDT" skipped="0">
  <testcase classname="Test.Errorvalidation" name="incorrectPassword" time="7.082"/>
</testsuite> <!-- Test.Errorvalidation -->
