<?xml version="1.0" encoding="UTF-8"?>
<!-- Generated by org.testng.reporters.JUnitReportReporter -->
<testsuite hostname="Anand" failures="0" tests="2" name="Test.StandAloneTest" time="18.112" errors="0" timestamp="2024-07-04T13:16:05 EDT" skipped="0">
  <testcase classname="Test.StandAloneTest" name="submitOrder" time="11.848"/>
  <testcase classname="Test.StandAloneTest" name="incorrectPassword2" time="6.264"/>
</testsuite> <!-- Test.StandAloneTest -->
