<?xml version="1.0" encoding="UTF-8"?>
<!-- Generated by org.testng.reporters.JUnitReportReporter -->
<testsuite hostname="Anand" failures="0" tests="1" name="Test.Errorvalidation" time="7.311" errors="0" timestamp="2024-07-04T13:16:05 EDT" skipped="0">
  <testcase classname="Test.Errorvalidation" name="incorrectPassword" time="7.311"/>
</testsuite> <!-- Test.Errorvalidation -->
